<?xml version="1.0" encoding="UTF-8"?>
<!-- Generated by org.testng.reporters.JUnitReportReporter -->
<testsuite hostname="LAPTOP-OP5S0AE4" failures="0" tests="1" name="runner.TestRunner" time="31.401" errors="0" timestamp="2025-04-18T12:33:06 IST" skipped="0">
  <testcase classname="runner.TestRunner" name="runScenario" time="31.401"/>
  <system-out/>
</testsuite> <!-- runner.TestRunner -->
